This is pdfTeX, Version 3.141592653-2.6-1.40.24 (TeX Live 2022) (preloaded format=pdflatex 2022.10.27)  30 JAN 2023 19:50
entering extended mode
 restricted \write18 enabled.
 %&-line parsing enabled.
**cv_markdown.tex
(./cv_markdown.tex
LaTeX2e <2022-06-01> patch level 5
L3 programming layer <2022-09-28> (/Users/erinbuchanan/Library/TinyTeX/texmf-dist/tex/latex/base/article.cls
Document Class: article 2021/10/04 v1.4n Standard LaTeX document class
(/Users/erinbuchanan/Library/TinyTeX/texmf-dist/tex/latex/base/size11.clo
File: size11.clo 2021/10/04 v1.4n Standard LaTeX file (size option)
)
\c@part=\count185
\c@section=\count186
\c@subsection=\count187
\c@subsubsection=\count188
\c@paragraph=\count189
\c@subparagraph=\count190
\c@figure=\count191
\c@table=\count192
\abovecaptionskip=\skip47
\belowcaptionskip=\skip48
\bibindent=\dimen138
) (/Users/erinbuchanan/Library/TinyTeX/texmf-dist/tex/latex/psnfss/mathpazo.sty
Package: mathpazo 2020/03/25 PSNFSS-v9.3 Palatino w/ Pazo Math (D.Puga, WaS) 
\symupright=\mathgroup4
) (/Users/erinbuchanan/Library/TinyTeX/texmf-dist/tex/latex/amsfonts/amssymb.sty
Package: amssymb 2013/01/14 v3.01 AMS font symbols
(/Users/erinbuchanan/Library/TinyTeX/texmf-dist/tex/latex/amsfonts/amsfonts.sty
Package: amsfonts 2013/01/14 v3.01 Basic AMSFonts support
\@emptytoks=\toks16
\symAMSa=\mathgroup5
\symAMSb=\mathgroup6
LaTeX Font Info:    Redeclaring math symbol \hbar on input line 98.
LaTeX Font Info:    Overwriting math alphabet `\mathfrak' in version `bold'
(Font)                  U/euf/m/n --> U/euf/b/n on input line 106.
)) (/Users/erinbuchanan/Library/TinyTeX/texmf-dist/tex/latex/amsmath/amsmath.sty
Package: amsmath 2022/04/08 v2.17n AMS math features
\@mathmargin=\skip49
For additional information on amsmath, use the `?' option.
(/Users/erinbuchanan/Library/TinyTeX/texmf-dist/tex/latex/amsmath/amstext.sty
Package: amstext 2021/08/26 v2.01 AMS text
(/Users/erinbuchanan/Library/TinyTeX/texmf-dist/tex/latex/amsmath/amsgen.sty
File: amsgen.sty 1999/11/30 v2.0 generic functions
\@emptytoks=\toks17
\ex@=\dimen139
)) (/Users/erinbuchanan/Library/TinyTeX/texmf-dist/tex/latex/amsmath/amsbsy.sty
Package: amsbsy 1999/11/29 v1.2d Bold Symbols
\pmbraise@=\dimen140
) (/Users/erinbuchanan/Library/TinyTeX/texmf-dist/tex/latex/amsmath/amsopn.sty
Package: amsopn 2022/04/08 v2.04 operator names
)
\inf@bad=\count193
LaTeX Info: Redefining \frac on input line 234.
\uproot@=\count194
\leftroot@=\count195
LaTeX Info: Redefining \overline on input line 399.
LaTeX Info: Redefining \colon on input line 410.
\classnum@=\count196
\DOTSCASE@=\count197
LaTeX Info: Redefining \ldots on input line 496.
LaTeX Info: Redefining \dots on input line 499.
LaTeX Info: Redefining \cdots on input line 620.
\Mathstrutbox@=\box51
\strutbox@=\box52
LaTeX Info: Redefining \big on input line 722.
LaTeX Info: Redefining \Big on input line 723.
LaTeX Info: Redefining \bigg on input line 724.
LaTeX Info: Redefining \Bigg on input line 725.
\big@size=\dimen141
LaTeX Font Info:    Redeclaring font encoding OML on input line 743.
LaTeX Font Info:    Redeclaring font encoding OMS on input line 744.
\macc@depth=\count198
LaTeX Info: Redefining \bmod on input line 905.
LaTeX Info: Redefining \pmod on input line 910.
LaTeX Info: Redefining \smash on input line 940.
LaTeX Info: Redefining \relbar on input line 970.
LaTeX Info: Redefining \Relbar on input line 971.
\c@MaxMatrixCols=\count199
\dotsspace@=\muskip16
\c@parentequation=\count266
\dspbrk@lvl=\count267
\tag@help=\toks18
\row@=\count268
\column@=\count269
\maxfields@=\count270
\andhelp@=\toks19
\eqnshift@=\dimen142
\alignsep@=\dimen143
\tagshift@=\dimen144
\tagwidth@=\dimen145
\totwidth@=\dimen146
\lineht@=\dimen147
\@envbody=\toks20
\multlinegap=\skip50
\multlinetaggap=\skip51
\mathdisplay@stack=\toks21
LaTeX Info: Redefining \[ on input line 2953.
LaTeX Info: Redefining \] on input line 2954.
) (/Users/erinbuchanan/Library/TinyTeX/texmf-dist/tex/generic/iftex/ifxetex.sty
Package: ifxetex 2019/10/25 v0.7 ifxetex legacy package. Use iftex instead.
(/Users/erinbuchanan/Library/TinyTeX/texmf-dist/tex/generic/iftex/iftex.sty
Package: iftex 2022/02/03 v1.0f TeX engine tests
)) (/Users/erinbuchanan/Library/TinyTeX/texmf-dist/tex/generic/iftex/ifluatex.sty
Package: ifluatex 2019/10/25 v1.5 ifluatex legacy package. Use iftex instead.
) (/Users/erinbuchanan/Library/TinyTeX/texmf-dist/tex/latex/base/fixltx2e.sty
Package: fixltx2e 2016/12/29 v2.1a fixes to LaTeX (obsolete)
Applying: [2015/01/01] Old fixltx2e package on input line 46.

Package fixltx2e Warning: fixltx2e is not required with releases after 2015
(fixltx2e)                All fixes are now in the LaTeX kernel.
(fixltx2e)                See the latexrelease package for details.

Already applied: [0000/00/00] Old fixltx2e package on input line 53.
) (/Users/erinbuchanan/Library/TinyTeX/texmf-dist/tex/latex/base/fontenc.sty
Package: fontenc 2021/04/29 v2.0v Standard LaTeX package
LaTeX Font Info:    Trying to load font information for T1+pplj on input line 112.
(/Users/erinbuchanan/Library/TinyTeX/texmf-dist/tex/latex/psnfss/t1pplj.fd
File: t1pplj.fd 2004/09/06 font definitions for T1/pplj.
)) (/Users/erinbuchanan/Library/TinyTeX/texmf-dist/tex/latex/base/inputenc.sty
Package: inputenc 2021/02/14 v1.3d Input encoding file
\inpenc@prehook=\toks22
\inpenc@posthook=\toks23
) (/Users/erinbuchanan/Library/TinyTeX/texmf-dist/tex/latex/geometry/geometry.sty
Package: geometry 2020/01/02 v5.9 Page Geometry
(/Users/erinbuchanan/Library/TinyTeX/texmf-dist/tex/latex/graphics/keyval.sty
Package: keyval 2022/05/29 v1.15 key=value parser (DPC)
\KV@toks@=\toks24
) (/Users/erinbuchanan/Library/TinyTeX/texmf-dist/tex/generic/iftex/ifvtex.sty
Package: ifvtex 2019/10/25 v1.7 ifvtex legacy package. Use iftex instead.
)
\Gm@cnth=\count271
\Gm@cntv=\count272
\c@Gm@tempcnt=\count273
\Gm@bindingoffset=\dimen148
\Gm@wd@mp=\dimen149
\Gm@odd@mp=\dimen150
\Gm@even@mp=\dimen151
\Gm@layoutwidth=\dimen152
\Gm@layoutheight=\dimen153
\Gm@layouthoffset=\dimen154
\Gm@layoutvoffset=\dimen155
\Gm@dimlist=\toks25
) (/Users/erinbuchanan/Library/TinyTeX/texmf-dist/tex/latex/sectsty/sectsty.sty
Package: sectsty 2002/02/25 v2.0.2 Commands to change all sectional heading styles

LaTeX Warning: Command \underbar  has changed.
               Check if current package is valid.


LaTeX Warning: Command \underline  has changed.
               Check if current package is valid.

) (/Users/erinbuchanan/Library/TinyTeX/texmf-dist/tex/latex/parskip/parskip.sty
Package: parskip 2021-03-14 v2.0h non-zero parskip adjustments
(/Users/erinbuchanan/Library/TinyTeX/texmf-dist/tex/latex/kvoptions/kvoptions.sty
Package: kvoptions 2022-06-15 v3.15 Key value format for package options (HO)
(/Users/erinbuchanan/Library/TinyTeX/texmf-dist/tex/generic/ltxcmds/ltxcmds.sty
Package: ltxcmds 2020-05-10 v1.25 LaTeX kernel commands for general use (HO)
) (/Users/erinbuchanan/Library/TinyTeX/texmf-dist/tex/latex/kvsetkeys/kvsetkeys.sty
Package: kvsetkeys 2022-10-05 v1.19 Key value parser (HO)
)) (/Users/erinbuchanan/Library/TinyTeX/texmf-dist/tex/latex/etoolbox/etoolbox.sty
Package: etoolbox 2020/10/05 v2.5k e-TeX tools for LaTeX (JAW)
\etb@tempcnta=\count274
)) (/Users/erinbuchanan/Library/TinyTeX/texmf-dist/tex/latex/titlesec/titlesec.sty
Package: titlesec 2021/07/05 v2.14 Sectioning titles
\ttl@box=\box53
\beforetitleunit=\skip52
\aftertitleunit=\skip53
\ttl@plus=\dimen156
\ttl@minus=\dimen157
\ttl@toksa=\toks26
\titlewidth=\dimen158
\titlewidthlast=\dimen159
\titlewidthfirst=\dimen160
) (/Users/erinbuchanan/Library/TinyTeX/texmf-dist/tex/latex/fontawesome/fontawesome.sty
Package: fontawesome 2016/05/15 v4.6.3.1 font awesome icons
(/Users/erinbuchanan/Library/TinyTeX/texmf-dist/tex/latex/fontawesome/fontawesomesymbols-generic.tex) (/Users/erinbuchanan/Library/TinyTeX/texmf-dist/tex/latex/fontawesome/fontawesomesymbols-pdftex.tex)) (/Users/erinbuchanan/Library/TinyTeX/texmf-dist/tex/latex/fancyhdr/fancyhdr.sty
Package: fancyhdr 2022/05/18 v4.0.3 Extensive control of page headers and footers
\f@nch@headwidth=\skip54
\f@nch@O@elh=\skip55
\f@nch@O@erh=\skip56
\f@nch@O@olh=\skip57
\f@nch@O@orh=\skip58
\f@nch@O@elf=\skip59
\f@nch@O@erf=\skip60
\f@nch@O@olf=\skip61
\f@nch@O@orf=\skip62
) (/Users/erinbuchanan/Library/TinyTeX/texmf-dist/tex/latex/lastpage/lastpage.sty
Package: lastpage 2021/09/03 v1.2n Refers to last page's name (HMM; JPG)
) (/Users/erinbuchanan/Library/TinyTeX/texmf-dist/tex/latex/hyperref/hyperref.sty
Package: hyperref 2022-09-22 v7.00t Hypertext links for LaTeX
(/Users/erinbuchanan/Library/TinyTeX/texmf-dist/tex/generic/pdftexcmds/pdftexcmds.sty
Package: pdftexcmds 2020-06-27 v0.33 Utility functions of pdfTeX for LuaTeX (HO)
(/Users/erinbuchanan/Library/TinyTeX/texmf-dist/tex/generic/infwarerr/infwarerr.sty
Package: infwarerr 2019/12/03 v1.5 Providing info/warning/error messages (HO)
)
Package pdftexcmds Info: \pdf@primitive is available.
Package pdftexcmds Info: \pdf@ifprimitive is available.
Package pdftexcmds Info: \pdfdraftmode found.
) (/Users/erinbuchanan/Library/TinyTeX/texmf-dist/tex/generic/kvdefinekeys/kvdefinekeys.sty
Package: kvdefinekeys 2019-12-19 v1.6 Define keys (HO)
) (/Users/erinbuchanan/Library/TinyTeX/texmf-dist/tex/generic/pdfescape/pdfescape.sty
Package: pdfescape 2019/12/09 v1.15 Implements pdfTeX's escape features (HO)
) (/Users/erinbuchanan/Library/TinyTeX/texmf-dist/tex/latex/hycolor/hycolor.sty
Package: hycolor 2020-01-27 v1.10 Color options for hyperref/bookmark (HO)
) (/Users/erinbuchanan/Library/TinyTeX/texmf-dist/tex/latex/letltxmacro/letltxmacro.sty
Package: letltxmacro 2019/12/03 v1.6 Let assignment for LaTeX macros (HO)
) (/Users/erinbuchanan/Library/TinyTeX/texmf-dist/tex/latex/auxhook/auxhook.sty
Package: auxhook 2019-12-17 v1.6 Hooks for auxiliary files (HO)
) (/Users/erinbuchanan/Library/TinyTeX/texmf-dist/tex/latex/hyperref/nameref.sty
Package: nameref 2022-05-17 v2.50 Cross-referencing by name of section
(/Users/erinbuchanan/Library/TinyTeX/texmf-dist/tex/latex/refcount/refcount.sty
Package: refcount 2019/12/15 v3.6 Data extraction from label references (HO)
) (/Users/erinbuchanan/Library/TinyTeX/texmf-dist/tex/generic/gettitlestring/gettitlestring.sty
Package: gettitlestring 2019/12/15 v1.6 Cleanup title references (HO)
)
\c@section@level=\count275
)
\@linkdim=\dimen161
\Hy@linkcounter=\count276
\Hy@pagecounter=\count277
(/Users/erinbuchanan/Library/TinyTeX/texmf-dist/tex/latex/hyperref/pd1enc.def
File: pd1enc.def 2022-09-22 v7.00t Hyperref: PDFDocEncoding definition (HO)
Now handling font encoding PD1 ...
... no UTF-8 mapping file for font encoding PD1
) (/Users/erinbuchanan/Library/TinyTeX/texmf-dist/tex/generic/intcalc/intcalc.sty
Package: intcalc 2019/12/15 v1.3 Expandable calculations with integers (HO)
) (/Users/erinbuchanan/Library/TinyTeX/texmf-dist/tex/generic/etexcmds/etexcmds.sty
Package: etexcmds 2019/12/15 v1.7 Avoid name clashes with e-TeX commands (HO)
)
\Hy@SavedSpaceFactor=\count278
(/Users/erinbuchanan/Library/TinyTeX/texmf-dist/tex/latex/hyperref/puenc.def
File: puenc.def 2022-09-22 v7.00t Hyperref: PDF Unicode definition (HO)
Now handling font encoding PU ...
... no UTF-8 mapping file for font encoding PU
)
Package hyperref Info: Hyper figures OFF on input line 4162.
Package hyperref Info: Link nesting OFF on input line 4167.
Package hyperref Info: Hyper index ON on input line 4170.
Package hyperref Info: Plain pages OFF on input line 4177.
Package hyperref Info: Backreferencing OFF on input line 4182.
Package hyperref Info: Implicit mode ON; LaTeX internals redefined.
\stockwidth=\dimen162
\stockheight=\dimen163
Package hyperref Info: Bookmarks ON on input line 4410.
\c@Hy@tempcnt=\count279
(/Users/erinbuchanan/Library/TinyTeX/texmf-dist/tex/latex/url/url.sty
\Urlmuskip=\muskip17
Package: url 2013/09/16  ver 3.4  Verb mode for urls, etc.
)
LaTeX Info: Redefining \url on input line 4748.
\XeTeXLinkMargin=\dimen164
(/Users/erinbuchanan/Library/TinyTeX/texmf-dist/tex/generic/bitset/bitset.sty
Package: bitset 2019/12/09 v1.3 Handle bit-vector datatype (HO)
(/Users/erinbuchanan/Library/TinyTeX/texmf-dist/tex/generic/bigintcalc/bigintcalc.sty
Package: bigintcalc 2019/12/15 v1.5 Expandable calculations on big integers (HO)
))
\Fld@menulength=\count280
\Field@Width=\dimen165
\Fld@charsize=\dimen166
Package hyperref Info: Hyper figures OFF on input line 6027.
Package hyperref Info: Link nesting OFF on input line 6032.
Package hyperref Info: Hyper index ON on input line 6035.
Package hyperref Info: backreferencing OFF on input line 6042.
Package hyperref Info: Link coloring OFF on input line 6047.
Package hyperref Info: Link coloring with OCG OFF on input line 6052.
Package hyperref Info: PDF/A mode OFF on input line 6057.
(/Users/erinbuchanan/Library/TinyTeX/texmf-dist/tex/latex/base/atbegshi-ltx.sty
Package: atbegshi-ltx 2021/01/10 v1.0c Emulation of the original atbegshi
package with kernel methods
)
\Hy@abspage=\count281
\c@Item=\count282
\c@Hfootnote=\count283
)
Package hyperref Info: Driver (autodetected): hpdftex.
(/Users/erinbuchanan/Library/TinyTeX/texmf-dist/tex/latex/hyperref/hpdftex.def
File: hpdftex.def 2022-09-22 v7.00t Hyperref driver for pdfTeX
(/Users/erinbuchanan/Library/TinyTeX/texmf-dist/tex/latex/base/atveryend-ltx.sty
Package: atveryend-ltx 2020/08/19 v1.0a Emulation of the original atveryend package
with kernel methods
)
\Fld@listcount=\count284
\c@bookmark@seq@number=\count285
(/Users/erinbuchanan/Library/TinyTeX/texmf-dist/tex/latex/rerunfilecheck/rerunfilecheck.sty
Package: rerunfilecheck 2022-07-10 v1.10 Rerun checks for auxiliary files (HO)
(/Users/erinbuchanan/Library/TinyTeX/texmf-dist/tex/generic/uniquecounter/uniquecounter.sty
Package: uniquecounter 2019/12/15 v1.4 Provide unlimited unique counter (HO)
)
Package uniquecounter Info: New unique counter `rerunfilecheck' on input line 285.
)
\Hy@SectionHShift=\skip63
)
Package hyperref Info: Option `unicode' set `true' on input line 95.
Package hyperref Info: Option `colorlinks' set `true' on input line 95.
Package hyperref Info: Option `breaklinks' set `true' on input line 95.

Package hyperref Warning: Option `bookmarks' has already been used,
(hyperref)                setting the option has no effect on input line 95.

(/Users/erinbuchanan/Library/TinyTeX/texmf-dist/tex/latex/l3backend/l3backend-pdftex.def
File: l3backend-pdftex.def 2022-09-28 L3 backend support: PDF output (pdfTeX)
\l__color_backend_stack_int=\count286
\l__pdf_internal_box=\box54
) (./cv_markdown.aux)
\openout1 = `cv_markdown.aux'.

LaTeX Font Info:    Checking defaults for OML/cmm/m/it on input line 98.
LaTeX Font Info:    ... okay on input line 98.
LaTeX Font Info:    Checking defaults for OMS/cmsy/m/n on input line 98.
LaTeX Font Info:    ... okay on input line 98.
LaTeX Font Info:    Checking defaults for OT1/cmr/m/n on input line 98.
LaTeX Font Info:    ... okay on input line 98.
LaTeX Font Info:    Checking defaults for T1/cmr/m/n on input line 98.
LaTeX Font Info:    ... okay on input line 98.
LaTeX Font Info:    Checking defaults for TS1/cmr/m/n on input line 98.
LaTeX Font Info:    ... okay on input line 98.
LaTeX Font Info:    Checking defaults for OMX/cmex/m/n on input line 98.
LaTeX Font Info:    ... okay on input line 98.
LaTeX Font Info:    Checking defaults for U/cmr/m/n on input line 98.
LaTeX Font Info:    ... okay on input line 98.
LaTeX Font Info:    Checking defaults for PD1/pdf/m/n on input line 98.
LaTeX Font Info:    ... okay on input line 98.
LaTeX Font Info:    Checking defaults for PU/pdf/m/n on input line 98.
LaTeX Font Info:    ... okay on input line 98.
*geometry* driver: auto-detecting
*geometry* detected driver: pdftex
*geometry* verbose mode - [ preamble ] result:
* driver: pdftex
* paper: <default>
* layout: <same size as paper>
* layoutoffset:(h,v)=(0.0pt,0.0pt)
* modes: 
* h-part:(L,W,R)=(72.26999pt, 469.75502pt, 72.26999pt)
* v-part:(T,H,B)=(72.26999pt, 650.43001pt, 72.26999pt)
* \paperwidth=614.295pt
* \paperheight=794.96999pt
* \textwidth=469.75502pt
* \textheight=650.43001pt
* \oddsidemargin=0.0pt
* \evensidemargin=0.0pt
* \topmargin=-37.0pt
* \headheight=12.0pt
* \headsep=25.0pt
* \topskip=11.0pt
* \footskip=30.0pt
* \marginparwidth=59.0pt
* \marginparsep=10.0pt
* \columnsep=10.0pt
* \skip\footins=10.0pt plus 4.0pt minus 2.0pt
* \hoffset=0.0pt
* \voffset=0.0pt
* \mag=1000
* \@twocolumnfalse
* \@twosidefalse
* \@mparswitchfalse
* \@reversemarginfalse
* (1in=72.27pt=25.4mm, 1cm=28.453pt)

Package lastpage Info: Please have a look at the pageslts package at
(lastpage)             https://www.ctan.org/pkg/pageslts
(lastpage)             ! on input line 98.
(/Users/erinbuchanan/Library/TinyTeX/texmf-dist/tex/latex/graphics/color.sty
Package: color 2022/01/06 v1.3d Standard LaTeX Color (DPC)
(/Users/erinbuchanan/Library/TinyTeX/texmf-dist/tex/latex/graphics-cfg/color.cfg
File: color.cfg 2016/01/02 v1.6 sample color configuration
)
Package color Info: Driver file: pdftex.def on input line 149.
(/Users/erinbuchanan/Library/TinyTeX/texmf-dist/tex/latex/graphics-def/pdftex.def
File: pdftex.def 2022/09/22 v1.2b Graphics/color driver for pdftex
) (/Users/erinbuchanan/Library/TinyTeX/texmf-dist/tex/latex/graphics/dvipsnam.def
File: dvipsnam.def 2016/06/17 v3.0m Driver-dependent file (DPC,SPQR)
) (/Users/erinbuchanan/Library/TinyTeX/texmf-dist/tex/latex/graphics/mathcolor.ltx))
Package hyperref Info: Link coloring ON on input line 98.
(./cv_markdown.out) (./cv_markdown.out)
\@outlinefile=\write3
\openout3 = `cv_markdown.out'.

LaTeX Font Info:    Trying to load font information for TS1+pplj on input line 111.
(/Users/erinbuchanan/Library/TinyTeX/texmf-dist/tex/latex/psnfss/ts1pplj.fd
File: ts1pplj.fd 2004/09/06 font definitions for TS1/pplj.
)
LaTeX Font Info:    Trying to load font information for U+fontawesometwo on input line 112.
(/Users/erinbuchanan/Library/TinyTeX/texmf-dist/tex/latex/fontawesome/ufontawesometwo.fd
File: ufontawesometwo.fd 2016/05/22 Font definitions for U/fontawesometwo.
)
LaTeX Font Info:    Trying to load font information for T1+cmtt on input line 112.
(/Users/erinbuchanan/Library/TinyTeX/texmf-dist/tex/latex/base/t1cmtt.fd
File: t1cmtt.fd 2019/12/16 v2.5j Standard LaTeX font definitions
)
LaTeX Font Info:    Trying to load font information for OT1+pplx on input line 112.
(/Users/erinbuchanan/Library/TinyTeX/texmf-dist/tex/latex/psnfss/ot1pplx.fd
File: ot1pplx.fd 2004/09/06 font definitions for OT1/pplx.
)
LaTeX Font Info:    Trying to load font information for OML+zplm on input line 112.
(/Users/erinbuchanan/Library/TinyTeX/texmf-dist/tex/latex/psnfss/omlzplm.fd
File: omlzplm.fd 2002/09/08 Fontinst v1.914 font definitions for OML/zplm.
)
LaTeX Font Info:    Trying to load font information for OMS+zplm on input line 112.
(/Users/erinbuchanan/Library/TinyTeX/texmf-dist/tex/latex/psnfss/omszplm.fd
File: omszplm.fd 2002/09/08 Fontinst v1.914 font definitions for OMS/zplm.
)
LaTeX Font Info:    Trying to load font information for OMX+zplm on input line 112.
(/Users/erinbuchanan/Library/TinyTeX/texmf-dist/tex/latex/psnfss/omxzplm.fd
File: omxzplm.fd 2002/09/08 Fontinst v1.914 font definitions for OMX/zplm.
)
LaTeX Font Info:    Trying to load font information for OT1+zplm on input line 112.
(/Users/erinbuchanan/Library/TinyTeX/texmf-dist/tex/latex/psnfss/ot1zplm.fd
File: ot1zplm.fd 2002/09/08 Fontinst v1.914 font definitions for OT1/zplm.
)
LaTeX Font Info:    Font shape `U/msa/m/n' will be
(Font)              scaled to size 11.40997pt on input line 112.
LaTeX Font Info:    Font shape `U/msa/m/n' will be
(Font)              scaled to size 8.33606pt on input line 112.
LaTeX Font Info:    Font shape `U/msa/m/n' will be
(Font)              scaled to size 6.25204pt on input line 112.
LaTeX Font Info:    Font shape `U/msb/m/n' will be
(Font)              scaled to size 11.40997pt on input line 112.
LaTeX Font Info:    Font shape `U/msb/m/n' will be
(Font)              scaled to size 8.33606pt on input line 112.
LaTeX Font Info:    Font shape `U/msb/m/n' will be
(Font)              scaled to size 6.25204pt on input line 112.
[1

{/Users/erinbuchanan/Library/TinyTeX/texmf-var/fonts/map/pdftex/updmap/pdftex.map}]

Package hyperref Warning: Difference (2) between bookmark levels is greater 
(hyperref)                than one, level fixed on input line 227.

[2]

Package hyperref Warning: Difference (2) between bookmark levels is greater 
(hyperref)                than one, level fixed on input line 343.

[3]
Underfull \hbox (badness 10000) in paragraph at lines 348--361

 []


Underfull \hbox (badness 10000) in paragraph at lines 348--361

 []


Underfull \hbox (badness 10000) in paragraph at lines 348--361

 []


Underfull \hbox (badness 10000) in paragraph at lines 369--493

 []


Underfull \hbox (badness 10000) in paragraph at lines 369--493

 []


Underfull \hbox (badness 10000) in paragraph at lines 369--493

 []


Underfull \hbox (badness 10000) in paragraph at lines 369--493

 []


Underfull \hbox (badness 10000) in paragraph at lines 369--493

 []


Underfull \hbox (badness 10000) in paragraph at lines 369--493

 []


Underfull \hbox (badness 10000) in paragraph at lines 369--493

 []


Underfull \hbox (badness 10000) in paragraph at lines 369--493

 []


Underfull \hbox (badness 10000) in paragraph at lines 369--493

 []


Underfull \hbox (badness 10000) in paragraph at lines 369--493

 []


Underfull \hbox (badness 10000) in paragraph at lines 369--493

 []


Underfull \hbox (badness 10000) in paragraph at lines 369--493

 []


Underfull \hbox (badness 10000) in paragraph at lines 369--493

 []


Underfull \hbox (badness 10000) in paragraph at lines 369--493

 []


Underfull \hbox (badness 10000) in paragraph at lines 369--493

 []


Underfull \hbox (badness 10000) in paragraph at lines 369--493

 []


Underfull \hbox (badness 10000) in paragraph at lines 369--493

 []


Underfull \hbox (badness 10000) in paragraph at lines 369--493

 []


Underfull \hbox (badness 10000) in paragraph at lines 369--493

 []


Underfull \hbox (badness 10000) in paragraph at lines 369--493

 []


Underfull \hbox (badness 10000) in paragraph at lines 369--493

 []


Underfull \hbox (badness 10000) in paragraph at lines 369--493

 []


Underfull \hbox (badness 10000) in paragraph at lines 369--493

 []


Underfull \hbox (badness 10000) in paragraph at lines 369--493

 []


Underfull \hbox (badness 10000) in paragraph at lines 369--493

 []


Underfull \hbox (badness 10000) in paragraph at lines 369--493

 []


Underfull \hbox (badness 10000) in paragraph at lines 369--493

 []


Underfull \hbox (badness 10000) in paragraph at lines 369--493

 []


Underfull \hbox (badness 10000) in paragraph at lines 369--493

 []

[4] [5]
Underfull \hbox (badness 10000) in paragraph at lines 497--812

 []


Underfull \hbox (badness 10000) in paragraph at lines 497--812

 []


Underfull \hbox (badness 10000) in paragraph at lines 497--812

 []


Underfull \hbox (badness 10000) in paragraph at lines 497--812

 []


Underfull \hbox (badness 10000) in paragraph at lines 497--812

 []


Underfull \hbox (badness 10000) in paragraph at lines 497--812

 []


Underfull \hbox (badness 10000) in paragraph at lines 497--812

 []


Underfull \hbox (badness 10000) in paragraph at lines 497--812

 []


Underfull \hbox (badness 10000) in paragraph at lines 497--812

 []


Underfull \hbox (badness 10000) in paragraph at lines 497--812

 []


Underfull \hbox (badness 10000) in paragraph at lines 497--812

 []


Underfull \hbox (badness 10000) in paragraph at lines 497--812

 []


Underfull \hbox (badness 10000) in paragraph at lines 497--812

 []


Underfull \hbox (badness 10000) in paragraph at lines 497--812

 []


Underfull \hbox (badness 10000) in paragraph at lines 497--812

 []


Underfull \hbox (badness 10000) in paragraph at lines 497--812

 []


Underfull \hbox (badness 10000) in paragraph at lines 497--812

 []


Underfull \hbox (badness 10000) in paragraph at lines 497--812

 []


Underfull \hbox (badness 10000) in paragraph at lines 497--812

 []


Underfull \hbox (badness 10000) in paragraph at lines 497--812

 []


Underfull \hbox (badness 10000) in paragraph at lines 497--812

 []


Underfull \hbox (badness 10000) in paragraph at lines 497--812

 []


Underfull \hbox (badness 10000) in paragraph at lines 497--812

 []


Underfull \hbox (badness 10000) in paragraph at lines 497--812

 []


Underfull \hbox (badness 10000) in paragraph at lines 497--812

 []


Underfull \hbox (badness 10000) in paragraph at lines 497--812

 []


Underfull \hbox (badness 10000) in paragraph at lines 497--812

 []


Underfull \hbox (badness 10000) in paragraph at lines 497--812

 []


Underfull \hbox (badness 10000) in paragraph at lines 497--812

 []


Underfull \hbox (badness 10000) in paragraph at lines 497--812

 []


Underfull \hbox (badness 10000) in paragraph at lines 497--812

 []


Underfull \hbox (badness 10000) in paragraph at lines 497--812

 []


Underfull \hbox (badness 10000) in paragraph at lines 497--812

 []


Underfull \hbox (badness 10000) in paragraph at lines 497--812

 []


Underfull \hbox (badness 10000) in paragraph at lines 497--812

 []


Underfull \hbox (badness 10000) in paragraph at lines 497--812

 []


Underfull \hbox (badness 10000) in paragraph at lines 497--812

 []


Underfull \hbox (badness 10000) in paragraph at lines 497--812

 []


Underfull \hbox (badness 10000) in paragraph at lines 497--812

 []


Underfull \hbox (badness 10000) in paragraph at lines 497--812

 []


Underfull \hbox (badness 10000) in paragraph at lines 497--812

 []


Underfull \hbox (badness 10000) in paragraph at lines 497--812

 []


Underfull \hbox (badness 10000) in paragraph at lines 497--812

 []


Underfull \hbox (badness 10000) in paragraph at lines 497--812

 []


Underfull \hbox (badness 10000) in paragraph at lines 497--812

 []


Underfull \hbox (badness 10000) in paragraph at lines 497--812

 []


Underfull \hbox (badness 10000) in paragraph at lines 497--812

 []


Underfull \hbox (badness 10000) in paragraph at lines 497--812

 []


Underfull \hbox (badness 10000) in paragraph at lines 497--812

 []


Underfull \hbox (badness 10000) in paragraph at lines 497--812

 []


Underfull \hbox (badness 10000) in paragraph at lines 497--812

 []


Underfull \hbox (badness 10000) in paragraph at lines 497--812

 []


Underfull \hbox (badness 10000) in paragraph at lines 497--812

 []


Underfull \hbox (badness 10000) in paragraph at lines 497--812

 []


Underfull \hbox (badness 10000) in paragraph at lines 497--812

 []


Underfull \hbox (badness 10000) in paragraph at lines 497--812

 []


Underfull \hbox (badness 10000) in paragraph at lines 497--812

 []


Underfull \hbox (badness 10000) in paragraph at lines 497--812

 []


Underfull \hbox (badness 10000) in paragraph at lines 497--812

 []

[6] [7] [8] [9] [10]
Underfull \hbox (badness 10000) in paragraph at lines 823--836

 []


Underfull \hbox (badness 10000) in paragraph at lines 823--836

 []


Underfull \hbox (badness 10000) in paragraph at lines 823--836

 []


Underfull \hbox (badness 10000) in paragraph at lines 823--836

 []


Underfull \hbox (badness 10000) in paragraph at lines 823--836

 []

[11]
Underfull \hbox (badness 10000) in paragraph at lines 847--878

 []


Underfull \hbox (badness 10000) in paragraph at lines 847--878

 []


Underfull \hbox (badness 10000) in paragraph at lines 847--878

 []


Underfull \hbox (badness 10000) in paragraph at lines 847--878

 []


Underfull \hbox (badness 10000) in paragraph at lines 847--878

 []


Underfull \hbox (badness 10000) in paragraph at lines 847--878

 []


Underfull \hbox (badness 10000) in paragraph at lines 847--878

 []


Underfull \hbox (badness 10000) in paragraph at lines 847--878

 []


Underfull \hbox (badness 10000) in paragraph at lines 847--878

 []


Underfull \hbox (badness 10000) in paragraph at lines 847--878

 []


Underfull \hbox (badness 10000) in paragraph at lines 847--878

 []


Underfull \hbox (badness 10000) in paragraph at lines 882--901

 []


Underfull \hbox (badness 10000) in paragraph at lines 882--901

 []


Underfull \hbox (badness 10000) in paragraph at lines 882--901

 []


Underfull \hbox (badness 10000) in paragraph at lines 882--901

 []


Underfull \hbox (badness 10000) in paragraph at lines 882--901

 []


Underfull \hbox (badness 10000) in paragraph at lines 882--901

 []


Underfull \hbox (badness 10000) in paragraph at lines 882--901

 []

[12] [13] [14]
Underfull \hbox (badness 10000) in paragraph at lines 1039--1365

 []


Underfull \hbox (badness 10000) in paragraph at lines 1039--1365

 []


Underfull \hbox (badness 10000) in paragraph at lines 1039--1365

 []


Underfull \hbox (badness 10000) in paragraph at lines 1039--1365

 []


Underfull \hbox (badness 10000) in paragraph at lines 1039--1365

 []


Underfull \hbox (badness 10000) in paragraph at lines 1039--1365

 []


Underfull \hbox (badness 10000) in paragraph at lines 1039--1365

 []


Underfull \hbox (badness 10000) in paragraph at lines 1039--1365

 []


Underfull \hbox (badness 10000) in paragraph at lines 1039--1365

 []


Underfull \hbox (badness 10000) in paragraph at lines 1039--1365

 []


Underfull \hbox (badness 10000) in paragraph at lines 1039--1365

 []


Underfull \hbox (badness 10000) in paragraph at lines 1039--1365

 []


Underfull \hbox (badness 10000) in paragraph at lines 1039--1365

 []


Underfull \hbox (badness 10000) in paragraph at lines 1039--1365

 []


Underfull \hbox (badness 10000) in paragraph at lines 1039--1365

 []


Underfull \hbox (badness 10000) in paragraph at lines 1039--1365

 []


Underfull \hbox (badness 10000) in paragraph at lines 1039--1365

 []


Underfull \hbox (badness 10000) in paragraph at lines 1039--1365

 []


Underfull \hbox (badness 10000) in paragraph at lines 1039--1365

 []


Underfull \hbox (badness 10000) in paragraph at lines 1039--1365

 []


Underfull \hbox (badness 10000) in paragraph at lines 1039--1365

 []


Underfull \hbox (badness 10000) in paragraph at lines 1039--1365

 []


Underfull \hbox (badness 10000) in paragraph at lines 1039--1365

 []


Underfull \hbox (badness 10000) in paragraph at lines 1039--1365

 []


Underfull \hbox (badness 10000) in paragraph at lines 1039--1365

 []


Underfull \hbox (badness 10000) in paragraph at lines 1039--1365

 []


Underfull \hbox (badness 10000) in paragraph at lines 1039--1365

 []


Underfull \hbox (badness 10000) in paragraph at lines 1039--1365

 []


Underfull \hbox (badness 10000) in paragraph at lines 1039--1365

 []


Underfull \hbox (badness 10000) in paragraph at lines 1039--1365

 []


Underfull \hbox (badness 10000) in paragraph at lines 1039--1365

 []


Underfull \hbox (badness 10000) in paragraph at lines 1039--1365

 []


Underfull \hbox (badness 10000) in paragraph at lines 1039--1365

 []


Underfull \hbox (badness 10000) in paragraph at lines 1039--1365

 []


Underfull \hbox (badness 10000) in paragraph at lines 1039--1365

 []


Underfull \hbox (badness 10000) in paragraph at lines 1039--1365

 []


Underfull \hbox (badness 10000) in paragraph at lines 1039--1365

 []


Underfull \hbox (badness 10000) in paragraph at lines 1039--1365

 []


Underfull \hbox (badness 10000) in paragraph at lines 1039--1365

 []


Underfull \hbox (badness 10000) in paragraph at lines 1039--1365

 []


Underfull \hbox (badness 10000) in paragraph at lines 1039--1365

 []


Underfull \hbox (badness 10000) in paragraph at lines 1039--1365

 []


Underfull \hbox (badness 10000) in paragraph at lines 1039--1365

 []


Underfull \hbox (badness 10000) in paragraph at lines 1039--1365

 []


Underfull \hbox (badness 10000) in paragraph at lines 1039--1365

 []


Underfull \hbox (badness 10000) in paragraph at lines 1039--1365

 []


Underfull \hbox (badness 10000) in paragraph at lines 1039--1365

 []


Underfull \hbox (badness 10000) in paragraph at lines 1039--1365

 []


Underfull \hbox (badness 10000) in paragraph at lines 1039--1365

 []


Underfull \hbox (badness 10000) in paragraph at lines 1039--1365

 []


Underfull \hbox (badness 10000) in paragraph at lines 1039--1365

 []


Underfull \hbox (badness 10000) in paragraph at lines 1039--1365

 []


Underfull \hbox (badness 10000) in paragraph at lines 1039--1365

 []


Underfull \hbox (badness 10000) in paragraph at lines 1039--1365

 []


Underfull \hbox (badness 10000) in paragraph at lines 1039--1365

 []


Underfull \hbox (badness 10000) in paragraph at lines 1039--1365

 []


Underfull \hbox (badness 10000) in paragraph at lines 1039--1365

 []


Underfull \hbox (badness 10000) in paragraph at lines 1039--1365

 []


Underfull \hbox (badness 10000) in paragraph at lines 1039--1365

 []


Underfull \hbox (badness 10000) in paragraph at lines 1039--1365

 []


Underfull \hbox (badness 10000) in paragraph at lines 1039--1365

 []


Underfull \hbox (badness 10000) in paragraph at lines 1039--1365

 []


Underfull \hbox (badness 10000) in paragraph at lines 1039--1365

 []


Underfull \hbox (badness 10000) in paragraph at lines 1039--1365

 []


Underfull \hbox (badness 10000) in paragraph at lines 1039--1365

 []


Underfull \hbox (badness 10000) in paragraph at lines 1039--1365

 []


Underfull \hbox (badness 10000) in paragraph at lines 1039--1365

 []


Underfull \hbox (badness 10000) in paragraph at lines 1039--1365

 []


Underfull \hbox (badness 10000) in paragraph at lines 1039--1365

 []


Underfull \hbox (badness 10000) in paragraph at lines 1039--1365

 []

[15] [16] [17] [18] [19]
Underfull \hbox (badness 10000) in paragraph at lines 1369--1790

 []


Underfull \hbox (badness 10000) in paragraph at lines 1369--1790

 []


Underfull \hbox (badness 10000) in paragraph at lines 1369--1790

 []


Underfull \hbox (badness 10000) in paragraph at lines 1369--1790

 []


Underfull \hbox (badness 10000) in paragraph at lines 1369--1790

 []


Underfull \hbox (badness 10000) in paragraph at lines 1369--1790

 []


Underfull \hbox (badness 10000) in paragraph at lines 1369--1790

 []


Underfull \hbox (badness 10000) in paragraph at lines 1369--1790

 []


Underfull \hbox (badness 10000) in paragraph at lines 1369--1790

 []


Underfull \hbox (badness 10000) in paragraph at lines 1369--1790

 []


Underfull \hbox (badness 10000) in paragraph at lines 1369--1790

 []


Underfull \hbox (badness 10000) in paragraph at lines 1369--1790

 []


Underfull \hbox (badness 10000) in paragraph at lines 1369--1790

 []


Underfull \hbox (badness 10000) in paragraph at lines 1369--1790

 []


Underfull \hbox (badness 10000) in paragraph at lines 1369--1790

 []


Underfull \hbox (badness 10000) in paragraph at lines 1369--1790

 []


Underfull \hbox (badness 10000) in paragraph at lines 1369--1790

 []


Underfull \hbox (badness 10000) in paragraph at lines 1369--1790

 []


Underfull \hbox (badness 10000) in paragraph at lines 1369--1790

 []


Underfull \hbox (badness 10000) in paragraph at lines 1369--1790

 []


Underfull \hbox (badness 10000) in paragraph at lines 1369--1790

 []


Underfull \hbox (badness 10000) in paragraph at lines 1369--1790

 []


Underfull \hbox (badness 10000) in paragraph at lines 1369--1790

 []


Underfull \hbox (badness 10000) in paragraph at lines 1369--1790

 []


Underfull \hbox (badness 10000) in paragraph at lines 1369--1790

 []


Underfull \hbox (badness 10000) in paragraph at lines 1369--1790

 []


Underfull \hbox (badness 10000) in paragraph at lines 1369--1790

 []


Underfull \hbox (badness 10000) in paragraph at lines 1369--1790

 []


Underfull \hbox (badness 10000) in paragraph at lines 1369--1790

 []


Underfull \hbox (badness 10000) in paragraph at lines 1369--1790

 []


Underfull \hbox (badness 10000) in paragraph at lines 1369--1790

 []


Underfull \hbox (badness 10000) in paragraph at lines 1369--1790

 []


Underfull \hbox (badness 10000) in paragraph at lines 1369--1790

 []


Underfull \hbox (badness 10000) in paragraph at lines 1369--1790

 []


Underfull \hbox (badness 10000) in paragraph at lines 1369--1790

 []


Underfull \hbox (badness 10000) in paragraph at lines 1369--1790

 []


Underfull \hbox (badness 10000) in paragraph at lines 1369--1790

 []


Underfull \hbox (badness 10000) in paragraph at lines 1369--1790

 []


Underfull \hbox (badness 10000) in paragraph at lines 1369--1790

 []


Underfull \hbox (badness 10000) in paragraph at lines 1369--1790

 []


Underfull \hbox (badness 10000) in paragraph at lines 1369--1790

 []


Underfull \hbox (badness 10000) in paragraph at lines 1369--1790

 []


Underfull \hbox (badness 10000) in paragraph at lines 1369--1790

 []


Underfull \hbox (badness 10000) in paragraph at lines 1369--1790

 []


Underfull \hbox (badness 10000) in paragraph at lines 1369--1790

 []


Underfull \hbox (badness 10000) in paragraph at lines 1369--1790

 []


Underfull \hbox (badness 10000) in paragraph at lines 1369--1790

 []


Underfull \hbox (badness 10000) in paragraph at lines 1369--1790

 []


Underfull \hbox (badness 10000) in paragraph at lines 1369--1790

 []


Underfull \hbox (badness 10000) in paragraph at lines 1369--1790

 []


Underfull \hbox (badness 10000) in paragraph at lines 1369--1790

 []


Underfull \hbox (badness 10000) in paragraph at lines 1369--1790

 []


Underfull \hbox (badness 10000) in paragraph at lines 1369--1790

 []


Underfull \hbox (badness 10000) in paragraph at lines 1369--1790

 []


Underfull \hbox (badness 10000) in paragraph at lines 1369--1790

 []


Underfull \hbox (badness 10000) in paragraph at lines 1369--1790

 []


Underfull \hbox (badness 10000) in paragraph at lines 1369--1790

 []


Underfull \hbox (badness 10000) in paragraph at lines 1369--1790

 []


Underfull \hbox (badness 10000) in paragraph at lines 1369--1790

 []


Underfull \hbox (badness 10000) in paragraph at lines 1369--1790

 []


Underfull \hbox (badness 10000) in paragraph at lines 1369--1790

 []


Underfull \hbox (badness 10000) in paragraph at lines 1369--1790

 []


Underfull \hbox (badness 10000) in paragraph at lines 1369--1790

 []


Underfull \hbox (badness 10000) in paragraph at lines 1369--1790

 []


Underfull \hbox (badness 10000) in paragraph at lines 1369--1790

 []


Underfull \hbox (badness 10000) in paragraph at lines 1369--1790

 []


Underfull \hbox (badness 10000) in paragraph at lines 1369--1790

 []


Underfull \hbox (badness 10000) in paragraph at lines 1369--1790

 []


Underfull \hbox (badness 10000) in paragraph at lines 1369--1790

 []


Underfull \hbox (badness 10000) in paragraph at lines 1369--1790

 []


Underfull \hbox (badness 10000) in paragraph at lines 1369--1790

 []


Underfull \hbox (badness 10000) in paragraph at lines 1369--1790

 []


Underfull \hbox (badness 10000) in paragraph at lines 1369--1790

 []


Underfull \hbox (badness 10000) in paragraph at lines 1369--1790

 []


Underfull \hbox (badness 10000) in paragraph at lines 1369--1790

 []


Underfull \hbox (badness 10000) in paragraph at lines 1369--1790

 []


Underfull \hbox (badness 10000) in paragraph at lines 1369--1790

 []


Underfull \hbox (badness 10000) in paragraph at lines 1369--1790

 []


Underfull \hbox (badness 10000) in paragraph at lines 1369--1790

 []

[20] [21] [22] [23] [24] [25] [26]

Package hyperref Warning: Difference (2) between bookmark levels is greater 
(hyperref)                than one, level fixed on input line 1795.

[27]

Package hyperref Warning: Difference (2) between bookmark levels is greater 
(hyperref)                than one, level fixed on input line 1855.

[28]

Package hyperref Warning: Difference (2) between bookmark levels is greater 
(hyperref)                than one, level fixed on input line 1943.

[29] [30] [31] 
AED: lastpage setting LastPage
[32] (./cv_markdown.aux)
Package rerunfilecheck Info: File `cv_markdown.out' has not changed.
(rerunfilecheck)             Checksum: CA7D80D88C7A7F7B6DBE774F73DCD5EF;6532.
 ) 
Here is how much of TeX's memory you used:
 12657 strings out of 477031
 195930 string characters out of 5826878
 591731 words of memory out of 5000000
 33495 multiletter control sequences out of 15000+600000
 502843 words of font info for 81 fonts, out of 8000000 for 9000
 14 hyphenation exceptions out of 8191
 60i,12n,67p,1200b,441s stack positions out of 10000i,1000n,20000p,200000b,200000s
{/Users/erinbuchanan/Library/TinyTeX/texmf-dist/fonts/enc/dvips/base/8r.enc} </Users/erinbuchanan/Library/TinyTeX/texmf-var/fonts/pk/ljfour/jknappen/ec/ectt1095.600pk>{/Users/erinbuchanan/Library/TinyTeX/texmf-dist/fonts/enc/dvips/fontawesome/fontawesometwo.enc}</Users/erinbuchanan/Library/TinyTeX/texmf-dist/fonts/type1/public/fontawesome/FontAwesome.pfb></Users/erinbuchanan/Library/TinyTeX/texmf-dist/fonts/type1/public/fpl/fplrc8a.pfb></Users/erinbuchanan/Library/TinyTeX/texmf-dist/fonts/type1/public/fpl/fplrij8a.pfb></Users/erinbuchanan/Library/TinyTeX/texmf-dist/fonts/type1/urw/palatino/uplb8a.pfb></Users/erinbuchanan/Library/TinyTeX/texmf-dist/fonts/type1/urw/palatino/uplr8a.pfb></Users/erinbuchanan/Library/TinyTeX/texmf-dist/fonts/type1/urw/palatino/uplri8a.pfb>
Output written on cv_markdown.pdf (32 pages, 206304 bytes).
PDF statistics:
 764 PDF objects out of 1000 (max. 8388607)
 693 compressed objects within 7 object streams
 125 named destinations out of 1000 (max. 500000)
 369 words of extra memory for PDF output out of 10000 (max. 10000000)

